<?xml version="1.0" encoding="UTF-8"?>
<testsuite xmlns:xsi="http://www.w3.org/2001/XMLSchema-instance" xsi:noNamespaceSchemaLocation="https://maven.apache.org/surefire/maven-surefire-plugin/xsd/surefire-test-report-3.0.xsd" version="3.0" name="TestSuite" time="18.397" tests="1" errors="0" skipped="0" failures="0">
  <properties>
    <property name="java.specification.version" value="17"/>
    <property name="sun.jnu.encoding" value="UTF-8"/>
    <property name="java.class.path" value="/Users/mrgrtrt/Documents/IdeaProjects/amazon-tests/target/test-classes:/Users/mrgrtrt/Documents/IdeaProjects/amazon-tests/target/classes:/Users/mrgrtrt/.m2/repository/com/microsoft/playwright/playwright/1.26.0/playwright-1.26.0.jar:/Users/mrgrtrt/.m2/repository/com/google/code/gson/gson/2.8.9/gson-2.8.9.jar:/Users/mrgrtrt/.m2/repository/org/opentest4j/opentest4j/1.2.0/opentest4j-1.2.0.jar:/Users/mrgrtrt/.m2/repository/com/microsoft/playwright/driver/1.26.0/driver-1.26.0.jar:/Users/mrgrtrt/.m2/repository/com/microsoft/playwright/driver-bundle/1.26.0/driver-bundle-1.26.0.jar:/Users/mrgrtrt/.m2/repository/org/testng/testng/7.6.1/testng-7.6.1.jar:/Users/mrgrtrt/.m2/repository/com/google/code/findbugs/jsr305/3.0.2/jsr305-3.0.2.jar:/Users/mrgrtrt/.m2/repository/com/beust/jcommander/1.82/jcommander-1.82.jar:/Users/mrgrtrt/.m2/repository/org/webjars/jquery/3.6.0/jquery-3.6.0.jar:/Users/mrgrtrt/.m2/repository/org/slf4j/slf4j-api/2.0.3/slf4j-api-2.0.3.jar:/Users/mrgrtrt/.m2/repository/org/slf4j/slf4j-simple/2.0.3/slf4j-simple-2.0.3.jar:/Users/mrgrtrt/.m2/repository/io/qameta/allure/allure-testng/2.19.0/allure-testng-2.19.0.jar:/Users/mrgrtrt/.m2/repository/io/qameta/allure/allure-java-commons/2.19.0/allure-java-commons-2.19.0.jar:/Users/mrgrtrt/.m2/repository/io/qameta/allure/allure-model/2.19.0/allure-model-2.19.0.jar:/Users/mrgrtrt/.m2/repository/io/qameta/allure/allure-test-filter/2.19.0/allure-test-filter-2.19.0.jar:"/>
    <property name="java.vm.vendor" value="Amazon.com Inc."/>
    <property name="sun.arch.data.model" value="64"/>
    <property name="java.vendor.url" value="https://aws.amazon.com/corretto/"/>
    <property name="user.timezone" value="Europe/Moscow"/>
    <property name="os.name" value="Mac OS X"/>
    <property name="java.vm.specification.version" value="17"/>
    <property name="sun.java.launcher" value="SUN_STANDARD"/>
    <property name="user.country" value="RU"/>
    <property name="sun.boot.library.path" value="/Users/mrgrtrt/Library/Java/JavaVirtualMachines/corretto-17.0.4.1/Contents/Home/lib"/>
    <property name="sun.java.command" value="/Users/mrgrtrt/Documents/IdeaProjects/amazon-tests/target/surefire/surefirebooter-20221004012916118_3.jar /Users/mrgrtrt/Documents/IdeaProjects/amazon-tests/target/surefire 2022-10-04T01-29-15_284-jvmRun1 surefire-20221004012916118_1tmp surefire_0-20221004012916118_2tmp"/>
    <property name="http.nonProxyHosts" value="local|*.local|169.254/16|*.169.254/16"/>
    <property name="jdk.debug" value="release"/>
    <property name="surefire.test.class.path" value="/Users/mrgrtrt/Documents/IdeaProjects/amazon-tests/target/test-classes:/Users/mrgrtrt/Documents/IdeaProjects/amazon-tests/target/classes:/Users/mrgrtrt/.m2/repository/com/microsoft/playwright/playwright/1.26.0/playwright-1.26.0.jar:/Users/mrgrtrt/.m2/repository/com/google/code/gson/gson/2.8.9/gson-2.8.9.jar:/Users/mrgrtrt/.m2/repository/org/opentest4j/opentest4j/1.2.0/opentest4j-1.2.0.jar:/Users/mrgrtrt/.m2/repository/com/microsoft/playwright/driver/1.26.0/driver-1.26.0.jar:/Users/mrgrtrt/.m2/repository/com/microsoft/playwright/driver-bundle/1.26.0/driver-bundle-1.26.0.jar:/Users/mrgrtrt/.m2/repository/org/testng/testng/7.6.1/testng-7.6.1.jar:/Users/mrgrtrt/.m2/repository/com/google/code/findbugs/jsr305/3.0.2/jsr305-3.0.2.jar:/Users/mrgrtrt/.m2/repository/com/beust/jcommander/1.82/jcommander-1.82.jar:/Users/mrgrtrt/.m2/repository/org/webjars/jquery/3.6.0/jquery-3.6.0.jar:/Users/mrgrtrt/.m2/repository/org/slf4j/slf4j-api/2.0.3/slf4j-api-2.0.3.jar:/Users/mrgrtrt/.m2/repository/org/slf4j/slf4j-simple/2.0.3/slf4j-simple-2.0.3.jar:/Users/mrgrtrt/.m2/repository/io/qameta/allure/allure-testng/2.19.0/allure-testng-2.19.0.jar:/Users/mrgrtrt/.m2/repository/io/qameta/allure/allure-java-commons/2.19.0/allure-java-commons-2.19.0.jar:/Users/mrgrtrt/.m2/repository/io/qameta/allure/allure-model/2.19.0/allure-model-2.19.0.jar:/Users/mrgrtrt/.m2/repository/io/qameta/allure/allure-test-filter/2.19.0/allure-test-filter-2.19.0.jar:"/>
    <property name="sun.cpu.endian" value="little"/>
    <property name="user.home" value="/Users/mrgrtrt"/>
    <property name="user.language" value="en"/>
    <property name="java.specification.vendor" value="Oracle Corporation"/>
    <property name="java.version.date" value="2022-08-12"/>
    <property name="java.home" value="/Users/mrgrtrt/Library/Java/JavaVirtualMachines/corretto-17.0.4.1/Contents/Home"/>
    <property name="file.separator" value="/"/>
    <property name="basedir" value="/Users/mrgrtrt/Documents/IdeaProjects/amazon-tests"/>
    <property name="java.vm.compressedOopsMode" value="Zero based"/>
    <property name="line.separator" value="&#10;"/>
    <property name="java.vm.specification.vendor" value="Oracle Corporation"/>
    <property name="java.specification.name" value="Java Platform API Specification"/>
    <property name="surefire.real.class.path" value="/Users/mrgrtrt/Documents/IdeaProjects/amazon-tests/target/surefire/surefirebooter-20221004012916118_3.jar"/>
    <property name="sun.management.compiler" value="HotSpot 64-Bit Tiered Compilers"/>
    <property name="ftp.nonProxyHosts" value="local|*.local|169.254/16|*.169.254/16"/>
    <property name="java.runtime.version" value="17.0.4.1+9-LTS"/>
    <property name="user.name" value="mrgrtrt"/>
    <property name="path.separator" value=":"/>
    <property name="os.version" value="12.6"/>
    <property name="java.runtime.name" value="OpenJDK Runtime Environment"/>
    <property name="file.encoding" value="UTF-8"/>
    <property name="java.vm.name" value="OpenJDK 64-Bit Server VM"/>
    <property name="java.vendor.version" value="Corretto-17.0.4.9.1"/>
    <property name="localRepository" value="/Users/mrgrtrt/.m2/repository"/>
    <property name="java.vendor.url.bug" value="https://github.com/corretto/corretto-17/issues/"/>
    <property name="java.io.tmpdir" value="/var/folders/gk/0xv1r02x7mz_sh4wh0dj6pw40000gn/T/"/>
    <property name="idea.version" value="2022.1"/>
    <property name="java.version" value="17.0.4.1"/>
    <property name="user.dir" value="/Users/mrgrtrt/Documents/IdeaProjects/amazon-tests"/>
    <property name="os.arch" value="x86_64"/>
    <property name="java.vm.specification.name" value="Java Virtual Machine Specification"/>
    <property name="native.encoding" value="UTF-8"/>
    <property name="java.library.path" value="/Users/mrgrtrt/Library/Java/Extensions:/Library/Java/Extensions:/Network/Library/Java/Extensions:/System/Library/Java/Extensions:/usr/lib/java:."/>
    <property name="java.vm.info" value="mixed mode, sharing"/>
    <property name="java.vendor" value="Amazon.com Inc."/>
    <property name="java.vm.version" value="17.0.4.1+9-LTS"/>
    <property name="sun.io.unicode.encoding" value="UnicodeBig"/>
    <property name="socksNonProxyHosts" value="local|*.local|169.254/16|*.169.254/16"/>
    <property name="java.class.version" value="61.0"/>
  </properties>
  <testcase name="verifyAboutThisItemTextTest" classname="AmazonTest" time="10.108"/>
</testsuite>