<?xml version="1.0" encoding="UTF-8"?>
<!-- Generated by org.testng.reporters.JUnitReportReporter -->
<testsuite hostname="mrgrtrt" failures="0" tests="1" name="AmazonTest" time="9.958" errors="0" timestamp="2022-10-04T01:29:35 MSK" skipped="0">
  <testcase classname="AmazonTest" name="verifyAboutThisItemTextTest" time="9.958"/>
  <system-out/>
</testsuite> <!-- AmazonTest -->
